<?xml version="1.0" encoding="UTF-8"?>
<!-- Generated by org.testng.reporters.JUnitReportReporter -->
<testsuite skipped="0" hostname="DESKTOP-D57VSK7" name="testNG.testChrome1" tests="1" failures="0" timestamp="2020-06-26T15:14:17 CDT" time="6.346" errors="0">
  <testcase name="openChrome" time="6.346" classname="testNG.testChrome1"/>
  <system-out/>
</testsuite> <!-- testNG.testChrome1 -->
