<?xml version="1.0" encoding="UTF-8"?>
<!-- Generated by org.testng.reporters.JUnitReportReporter -->
<testsuite skipped="0" hostname="DESKTOP-D57VSK7" name="SeleniumBasics.DownloadFileConcept" tests="1" failures="0" timestamp="2020-09-17T17:40:36 CDT" time="17.883" errors="0">
  <testcase name="downloadfileTest" time="17.883" classname="SeleniumBasics.DownloadFileConcept"/>
  <system-out/>
</testsuite> <!-- SeleniumBasics.DownloadFileConcept -->
